#
# There is insufficient memory for the Java Runtime Environment to continue.
# Native memory allocation (mmap) failed to map 264241152 bytes. Error detail: G1 virtual space
# Possible reasons:
#   The system is out of physical RAM or swap space
#   This process is running with CompressedOops enabled, and the Java Heap may be blocking the growth of the native heap
# Possible solutions:
#   Reduce memory load on the system
#   Increase physical memory or swap space
#   Check if swap backing store is full
#   Decrease Java heap size (-Xmx/-Xms)
#   Decrease number of Java threads
#   Decrease Java thread stack sizes (-Xss)
#   Set larger code cache with -XX:ReservedCodeCacheSize=
#   JVM is running with Zero Based Compressed Oops mode in which the Java heap is
#     placed in the first 32GB address space. The Java Heap base address is the
#     maximum limit for the native heap growth. Please use -XX:HeapBaseMinAddress
#     to set the Java Heap base and to place the Java Heap above 32GB virtual address.
# This output file may be truncated or incomplete.
#
#  Out of Memory Error (os_windows.cpp:3825), pid=4032, tid=12916
#
# JRE version:  (17.0.11) (build )
# Java VM: OpenJDK 64-Bit Server VM (17.0.11+0--11852314, mixed mode, sharing, tiered, compressed oops, compressed class ptrs, g1 gc, windows-amd64)
# No core dump will be written. Minidumps are not enabled by default on client versions of Windows
#

---------------  S U M M A R Y ------------

Command Line: org.jetbrains.kotlin.cli.jvm.K2JVMCompiler @D:\elegent\MyApplicationfiveone\app\build\20250505_14025415697587914577.compiler.options

Host: Intel(R) Core(TM) i7-14700HX, 28 cores, 15G,  Windows 11 , 64 bit Build 26100 (10.0.26100.3912)
Time: Mon May  5 20:05:45 2025  Windows 11 , 64 bit Build 26100 (10.0.26100.3912) elapsed time: 0.007511 seconds (0d 0h 0m 0s)

---------------  T H R E A D  ---------------

Current thread (0x000001b46d574ca0):  JavaThread "Unknown thread" [_thread_in_vm, id=12916, stack(0x000000394ee00000,0x000000394ef00000)]

Stack: [0x000000394ee00000,0x000000394ef00000]
Native frames: (J=compiled Java code, j=interpreted, Vv=VM code, C=native code)
V  [jvm.dll+0x687bb9]
V  [jvm.dll+0x84142a]
V  [jvm.dll+0x8430ae]
V  [jvm.dll+0x843713]
V  [jvm.dll+0x24a35f]
V  [jvm.dll+0x684989]
V  [jvm.dll+0x67923a]
V  [jvm.dll+0x30af0b]
V  [jvm.dll+0x3123b6]
V  [jvm.dll+0x361dfe]
V  [jvm.dll+0x36202f]
V  [jvm.dll+0x2e0d38]
V  [jvm.dll+0x2e1ca4]
V  [jvm.dll+0x811f21]
V  [jvm.dll+0x36fb68]
V  [jvm.dll+0x7f0896]
V  [jvm.dll+0x3f3d2f]
V  [jvm.dll+0x3f58e1]
C  [jli.dll+0x528f]
C  [ucrtbase.dll+0x37b0]
C  [KERNEL32.DLL+0x2e8d7]
C  [ntdll.dll+0x9c5dc]


---------------  P R O C E S S  ---------------

Threads class SMR info:
_java_thread_list=0x00007ffb2ac3efd8, length=0, elements={
}

Java Threads: ( => current thread )

Other Threads:
  0x000001b46d5e8d70 GCTaskThread "GC Thread#0" [stack: 0x000000394ef00000,0x000000394f000000] [id=29364]
  0x000001b46d5fa5c0 ConcurrentGCThread "G1 Main Marker" [stack: 0x000000394f000000,0x000000394f100000] [id=8808]
  0x000001b46d5fafe0 ConcurrentGCThread "G1 Conc#0" [stack: 0x000000394f100000,0x000000394f200000] [id=36588]

[error occurred during error reporting (printing all threads), id 0xc0000005, EXCEPTION_ACCESS_VIOLATION (0xc0000005) at pc=0x00007ffb2a3f1907]

VM state: not at safepoint (not fully initialized)

VM Mutex/Monitor currently owned by a thread:  ([mutex/lock_event])
[0x000001b46d570b50] Heap_lock - owner thread: 0x000001b46d574ca0

Heap address: 0x0000000704800000, size: 4024 MB, Compressed Oops mode: Zero based, Oop shift amount: 3

CDS archive(s) mapped at: [0x0000000000000000-0x0000000000000000-0x0000000000000000), size 0, SharedBaseAddress: 0x0000000800000000, ArchiveRelocationMode: 1.
Narrow klass base: 0x0000000000000000, Narrow klass shift: 0, Narrow klass range: 0x0

GC Precious Log:
<Empty>

Heap:
 garbage-first heap   total 0K, used 0K [0x0000000704800000, 0x0000000800000000)
  region size 2048K, 0 young (0K), 0 survivors (0K)
 Metaspace       used 0K, committed 0K, reserved 0K
  class space    used 0K, committed 0K, reserved 0K

Heap Regions: E=young(eden), S=young(survivor), O=old, HS=humongous(starts), HC=humongous(continues), CS=collection set, F=free, OA=open archive, CA=closed archive, TAMS=top-at-mark-start (previous, next)

Card table byte_map: [0x000001b401290000,0x000001b401a70000] _byte_map_base: 0x000001b3fda6c000

Marking Bits (Prev, Next): (CMBitMap*) 0x000001b46d5e9390, (CMBitMap*) 0x000001b46d5e93d0
 Prev Bits: [0x000001b402250000, 0x000001b406130000)
 Next Bits: [0x000001b406130000, 0x000001b40a010000)

GC Heap History (0 events):
No events

Dll operation events (1 events):
Event: 0.005 Loaded shared library D:\JetBrains\Toolbox\Android Studio\jbr\bin\java.dll

Deoptimization events (0 events):
No events

Classes unloaded (0 events):
No events

Classes redefined (0 events):
No events

Internal exceptions (0 events):
No events

VM Operations (0 events):
No events

Events (0 events):
No events


Dynamic libraries:
0x00007ff711690000 - 0x00007ff71169a000 	D:\JetBrains\Toolbox\Android Studio\jbr\bin\java.exe
0x00007ffc70680000 - 0x00007ffc708e6000 	C:\WINDOWS\SYSTEM32\ntdll.dll
0x00007ffc6f5f0000 - 0x00007ffc6f6b9000 	C:\WINDOWS\System32\KERNEL32.DLL
0x00007ffc6dda0000 - 0x00007ffc6e16c000 	C:\WINDOWS\System32\KERNELBASE.dll
0x00007ffc6d810000 - 0x00007ffc6d95b000 	C:\WINDOWS\System32\ucrtbase.dll
0x00007ffc51c80000 - 0x00007ffc51c97000 	D:\JetBrains\Toolbox\Android Studio\jbr\bin\jli.dll
0x00007ffc50bf0000 - 0x00007ffc50c0b000 	D:\JetBrains\Toolbox\Android Studio\jbr\bin\VCRUNTIME140.dll
0x00007ffc6fea0000 - 0x00007ffc7006a000 	C:\WINDOWS\System32\USER32.dll
0x00007ffc6dcb0000 - 0x00007ffc6dcd7000 	C:\WINDOWS\System32\win32u.dll
0x00007ffc541f0000 - 0x00007ffc5448a000 	C:\WINDOWS\WinSxS\amd64_microsoft.windows.common-controls_6595b64144ccf1df_6.0.26100.3912_none_3e07963ce335137e\COMCTL32.dll
0x00007ffc70100000 - 0x00007ffc7012b000 	C:\WINDOWS\System32\GDI32.dll
0x00007ffc6e4b0000 - 0x00007ffc6e559000 	C:\WINDOWS\System32\msvcrt.dll
0x00007ffc6d9f0000 - 0x00007ffc6db22000 	C:\WINDOWS\System32\gdi32full.dll
0x00007ffc6e170000 - 0x00007ffc6e213000 	C:\WINDOWS\System32\msvcp_win.dll
0x00007ffc6f260000 - 0x00007ffc6f290000 	C:\WINDOWS\System32\IMM32.DLL
0x00007ffc51c70000 - 0x00007ffc51c7c000 	D:\JetBrains\Toolbox\Android Studio\jbr\bin\vcruntime140_1.dll
0x00007ffc2fa40000 - 0x00007ffc2facd000 	D:\JetBrains\Toolbox\Android Studio\jbr\bin\msvcp140.dll
0x00007ffb2a100000 - 0x00007ffb2ad83000 	D:\JetBrains\Toolbox\Android Studio\jbr\bin\server\jvm.dll
0x00007ffc6fd60000 - 0x00007ffc6fe12000 	C:\WINDOWS\System32\ADVAPI32.dll
0x00007ffc6f320000 - 0x00007ffc6f3c6000 	C:\WINDOWS\System32\sechost.dll
0x00007ffc6f3d0000 - 0x00007ffc6f4e6000 	C:\WINDOWS\System32\RPCRT4.dll
0x00007ffc524c0000 - 0x00007ffc524ca000 	C:\WINDOWS\SYSTEM32\WSOCK32.dll
0x00007ffc6e560000 - 0x00007ffc6e5d4000 	C:\WINDOWS\System32\WS2_32.dll
0x00007ffc65c50000 - 0x00007ffc65c86000 	C:\WINDOWS\SYSTEM32\WINMM.dll
0x00007ffc6c460000 - 0x00007ffc6c4be000 	C:\WINDOWS\SYSTEM32\POWRPROF.dll
0x00007ffc62fe0000 - 0x00007ffc62feb000 	C:\WINDOWS\SYSTEM32\VERSION.dll
0x00007ffc6c440000 - 0x00007ffc6c454000 	C:\WINDOWS\SYSTEM32\UMPDC.dll
0x00007ffc6c6f0000 - 0x00007ffc6c70a000 	C:\WINDOWS\SYSTEM32\kernel.appcore.dll
0x00007ffc524b0000 - 0x00007ffc524ba000 	D:\JetBrains\Toolbox\Android Studio\jbr\bin\jimage.dll
0x00007ffc6a6a0000 - 0x00007ffc6a8e1000 	C:\WINDOWS\SYSTEM32\DBGHELP.DLL
0x00007ffc70140000 - 0x00007ffc704c4000 	C:\WINDOWS\System32\combase.dll
0x00007ffc704d0000 - 0x00007ffc705b0000 	C:\WINDOWS\System32\OLEAUT32.dll
0x00007ffc54080000 - 0x00007ffc540b9000 	C:\WINDOWS\SYSTEM32\dbgcore.DLL
0x00007ffc6e220000 - 0x00007ffc6e2b9000 	C:\WINDOWS\System32\bcryptPrimitives.dll
0x00007ffc52120000 - 0x00007ffc52145000 	D:\JetBrains\Toolbox\Android Studio\jbr\bin\java.dll

dbghelp: loaded successfully - version: 4.0.5 - missing functions: none
symbol engine: initialized successfully - sym options: 0x614 - pdb path: .;D:\JetBrains\Toolbox\Android Studio\jbr\bin;C:\WINDOWS\SYSTEM32;C:\WINDOWS\WinSxS\amd64_microsoft.windows.common-controls_6595b64144ccf1df_6.0.26100.3912_none_3e07963ce335137e;D:\JetBrains\Toolbox\Android Studio\jbr\bin\server

VM Arguments:
java_command: org.jetbrains.kotlin.cli.jvm.K2JVMCompiler @D:\elegent\MyApplicationfiveone\app\build\20250505_14025415697587914577.compiler.options
java_class_path (initial): D:\AndroidSDK\gradle\caches\modules-2\files-2.1\org.jetbrains.kotlin\kotlin-compiler-embeddable\1.9.0\2c8c3a7402becca891f12739b3e9fd2dc2adbd7a\kotlin-compiler-embeddable-1.9.0.jar;D:\AndroidSDK\gradle\caches\modules-2\files-2.1\org.jetbrains.kotlin\kotlin-stdlib\1.9.0\8ee15ef0c67dc83d874f412d84378d7f0eb50b63\kotlin-stdlib-1.9.0.jar;D:\AndroidSDK\gradle\caches\modules-2\files-2.1\org.jetbrains.kotlin\kotlin-script-runtime\1.9.0\4b3102cbbb7e1b58d9d1adf89563f00069ffa7d1\kotlin-script-runtime-1.9.0.jar;D:\AndroidSDK\gradle\caches\modules-2\files-2.1\org.jetbrains.kotlin\kotlin-reflect\1.6.10\1cbe9c92c12a94eea200d23c2bbaedaf3daf5132\kotlin-reflect-1.6.10.jar;D:\AndroidSDK\gradle\caches\modules-2\files-2.1\org.jetbrains.kotlin\kotlin-daemon-embeddable\1.9.0\186543f5e28cf8d9a0290fecc2cf34301c40a65c\kotlin-daemon-embeddable-1.9.0.jar;D:\AndroidSDK\gradle\caches\modules-2\files-2.1\org.jetbrains.intellij.deps\trove4j\1.0.20200330\3afb14d5f9ceb459d724e907a21145e8ff394f02\trove4j-1.0.20200330.jar;D:\AndroidSDK\gradle\caches\modules-2\files-2.1\org.jetbrains.kotlin\kotlin-stdlib-common\1.9.0\cd65c21cfd1eec4d44ef09f9f52b6d9f8a720636\kotlin-stdlib-common-1.9.0.jar;D:\AndroidSDK\gradle\caches\modules-2\files-2.1\org.jetbrains\annotations\13.0\919f0dfe192fb4e063e7dacadee7f8bb9a2672a9\annotations-13.0.jar
Launcher Type: SUN_STANDARD

[Global flags]
     intx CICompilerCount                          = 12                                        {product} {ergonomic}
     uint ConcGCThreads                            = 5                                         {product} {ergonomic}
     uint G1ConcRefinementThreads                  = 20                                        {product} {ergonomic}
   size_t G1HeapRegionSize                         = 2097152                                   {product} {ergonomic}
    uintx GCDrainStackTargetSize                   = 64                                        {product} {ergonomic}
   size_t InitialHeapSize                          = 264241152                                 {product} {ergonomic}
   size_t MarkStackSize                            = 4194304                                   {product} {ergonomic}
   size_t MaxHeapSize                              = 4219469824                                {product} {ergonomic}
   size_t MinHeapDeltaBytes                        = 2097152                                   {product} {ergonomic}
   size_t MinHeapSize                              = 8388608                                   {product} {ergonomic}
    uintx NonNMethodCodeHeapSize                   = 7602480                                {pd product} {ergonomic}
    uintx NonProfiledCodeHeapSize                  = 122027880                              {pd product} {ergonomic}
    uintx ProfiledCodeHeapSize                     = 122027880                              {pd product} {ergonomic}
    uintx ReservedCodeCacheSize                    = 251658240                              {pd product} {ergonomic}
     bool SegmentedCodeCache                       = true                                      {product} {ergonomic}
   size_t SoftMaxHeapSize                          = 4219469824                             {manageable} {ergonomic}
     bool UseCompressedClassPointers               = true                           {product lp64_product} {ergonomic}
     bool UseCompressedOops                        = true                           {product lp64_product} {ergonomic}
     bool UseG1GC                                  = true                                      {product} {ergonomic}
     bool UseLargePagesIndividualAllocation        = false                                  {pd product} {ergonomic}

Logging:
Log output configuration:
 #0: stdout all=warning uptime,level,tags
 #1: stderr all=off uptime,level,tags

Environment Variables:
PATH=C:\Program Files (x86)\Common Files\Oracle\Java\javapath;D:\Program Files\Git\cmd;C:\Program Files\dotnet\;D:\phyon\Scripts\;D:\phyon\;C:\Users\joker\AppData\Local\Microsoft\WindowsApps;C:\Users\joker\AppData\Local\JetBrains\Toolbox\scripts;%PyCharm Community Edition%;%USERPROFILE%\AppData\Local\Microsoft\WindowsApps;C:\Program Files (x86)\Tencent\QQGameTempest\Hall.58574\
USERNAME=joker
OS=Windows_NT
PROCESSOR_IDENTIFIER=Intel64 Family 6 Model 183 Stepping 1, GenuineIntel
TMP=C:\Users\joker\AppData\Local\Temp
TEMP=C:\Users\joker\AppData\Local\Temp



Periodic native trim disabled

JNI global refs:
JNI global refs: 0, weak refs: 0

JNI global refs memory usage: 0, weak refs: 0

Process memory usage:
Resident Set Size: 13852K (0% of 16478072K total physical memory with 1936368K free physical memory)

OOME stack traces (most recent first):
Classloader memory used:


---------------  S Y S T E M  ---------------

OS:
 Windows 11 , 64 bit Build 26100 (10.0.26100.3912)
OS uptime: 0 days 7:07 hours

CPU: total 28 (initial active 28) (14 cores per cpu, 2 threads per core) family 6 model 183 stepping 1 microcode 0x125, cx8, cmov, fxsr, ht, mmx, 3dnowpref, sse, sse2, sse3, ssse3, sse4.1, sse4.2, popcnt, lzcnt, tsc, tscinvbit, avx, avx2, aes, erms, clmul, bmi1, bmi2, adx, sha, fma, vzeroupper, clflush, clflushopt, clwb
Processor Information for all 28 processors :
  Max Mhz: 2100, Current Mhz: 2100, Mhz Limit: 2100

Memory: 4k page, system-wide physical 16091M (1890M free)
TotalPageFile size 28329M (AvailPageFile size 125M)
current process WorkingSet (physical memory assigned to process): 13M, peak: 13M
current process commit charge ("private bytes"): 85M, peak: 337M

vm_info: OpenJDK 64-Bit Server VM (17.0.11+0--11852314) for windows-amd64 JRE (17.0.11+0--11852314), built on May 16 2024 21:29:20 by "androidbuild" with MS VC++ 16.10 / 16.11 (VS2019)

END.
